Flow report for ALU_EXT
Sun Sep 28 14:57:37 2025
Quartus II 64-Bit Version 13.0.0 Build 156 04/24/2013 SJ Web Edition


---------------------
; Table of Contents ;
---------------------
  1. Legal Notice
  2. Flow Summary
  3. Flow Settings
  4. Flow Non-Default Global Settings
  5. Flow Elapsed Time
  6. Flow OS Summary
  7. Flow Log
  8. Flow Messages
  9. Flow Suppressed Messages



----------------
; Legal Notice ;
----------------
Copyright (C) 1991-2013 Altera Corporation
Your use of Altera Corporation's design tools, logic functions 
and other software and tools, and its AMPP partner logic 
functions, and any output files from any of the foregoing 
(including device programming or simulation files), and any 
associated documentation or information are expressly subject 
to the terms and conditions of the Altera Program License 
Subscription Agreement, Altera MegaCore Function License 
Agreement, or other applicable license agreement, including, 
without limitation, that your use is for the sole purpose of 
programming logic devices manufactured by Altera and sold by 
Altera or its authorized distributors.  Please refer to the 
applicable agreement for further details.



+---------------------------------------------------------------------------------+
; Flow Summary                                                                    ;
+------------------------------------+--------------------------------------------+
; Flow Status                        ; Successful - Sun Sep 28 14:57:37 2025      ;
; Quartus II 64-Bit Version          ; 13.0.0 Build 156 04/24/2013 SJ Web Edition ;
; Revision Name                      ; ALU_EXT                                    ;
; Top-level Entity Name              ; ALU_EXT                                    ;
; Family                             ; Cyclone IV E                               ;
; Device                             ; EP4CE6E22C7                                ;
; Timing Models                      ; Final                                      ;
; Total logic elements               ; 2,188 / 6,272 ( 35 % )                     ;
;     Total combinational functions  ; 2,188 / 6,272 ( 35 % )                     ;
;     Dedicated logic registers      ; 32 / 6,272 ( < 1 % )                       ;
; Total registers                    ; 32                                         ;
; Total pins                         ; 103 / 92 ( 112 % )                         ;
; Total virtual pins                 ; 0                                          ;
; Total memory bits                  ; 0 / 276,480 ( 0 % )                        ;
; Embedded Multiplier 9-bit elements ; 9 / 30 ( 30 % )                            ;
; Total PLLs                         ; 0 / 2 ( 0 % )                              ;
+------------------------------------+--------------------------------------------+


+-----------------------------------------+
; Flow Settings                           ;
+-------------------+---------------------+
; Option            ; Setting             ;
+-------------------+---------------------+
; Start date & time ; 09/28/2025 14:35:56 ;
; Main task         ; Compilation         ;
; Revision Name     ; ALU_EXT             ;
+-------------------+---------------------+


+---------------------------------------------------------------------------------------------------------------------+
; Flow Non-Default Global Settings                                                                                    ;
+-------------------------------------+--------------------------------+---------------+-------------+----------------+
; Assignment Name                     ; Value                          ; Default Value ; Entity Name ; Section Id     ;
+-------------------------------------+--------------------------------+---------------+-------------+----------------+
; COMPILER_SIGNATURE_ID               ; 10995770589192.175909175606820 ; --            ; --          ; --             ;
; EDA_OUTPUT_DATA_FORMAT              ; Vhdl                           ; --            ; --          ; eda_simulation ;
; EDA_SIMULATION_TOOL                 ; ModelSim-Altera (VHDL)         ; <None>        ; --          ; --             ;
; MAX_CORE_JUNCTION_TEMP              ; 85                             ; --            ; --          ; --             ;
; MIN_CORE_JUNCTION_TEMP              ; 0                              ; --            ; --          ; --             ;
; PARTITION_COLOR                     ; 16764057                       ; --            ; --          ; Top            ;
; PARTITION_FITTER_PRESERVATION_LEVEL ; PLACEMENT_AND_ROUTING          ; --            ; --          ; Top            ;
; PARTITION_NETLIST_TYPE              ; SOURCE                         ; --            ; --          ; Top            ;
; PROJECT_OUTPUT_DIRECTORY            ; output_files                   ; --            ; --          ; --             ;
+-------------------------------------+--------------------------------+---------------+-------------+----------------+


+--------------------------------------------------------------------------------------------------------------------------+
; Flow Elapsed Time                                                                                                        ;
+----------------------+--------------+-------------------------+---------------------+------------------------------------+
; Module Name          ; Elapsed Time ; Average Processors Used ; Peak Virtual Memory ; Total CPU Time (on all processors) ;
+----------------------+--------------+-------------------------+---------------------+------------------------------------+
; Analysis & Synthesis ; 00:00:11     ; 1.0                     ; 4592 MB             ; 00:00:11                           ;
; Fitter               ; 00:00:04     ; 1.0                     ; 4794 MB             ; 00:00:04                           ;
; EDA Netlist Writer   ; 00:00:01     ; 1.0                     ; 4505 MB             ; 00:00:01                           ;
; EDA Netlist Writer   ; 00:00:01     ; 1.0                     ; 4505 MB             ; 00:00:01                           ;
; EDA Netlist Writer   ; 00:00:00     ; 1.0                     ; 4505 MB             ; 00:00:01                           ;
; EDA Netlist Writer   ; 00:00:00     ; 1.0                     ; 4505 MB             ; 00:00:01                           ;
; EDA Netlist Writer   ; 00:00:01     ; 1.0                     ; 4505 MB             ; 00:00:01                           ;
; EDA Netlist Writer   ; 00:00:01     ; 1.0                     ; 4505 MB             ; 00:00:01                           ;
; EDA Netlist Writer   ; 00:00:01     ; 1.0                     ; 4505 MB             ; 00:00:01                           ;
; EDA Netlist Writer   ; 00:00:01     ; 1.0                     ; 4505 MB             ; 00:00:01                           ;
; EDA Netlist Writer   ; 00:00:01     ; 1.0                     ; 4505 MB             ; 00:00:01                           ;
; EDA Netlist Writer   ; 00:00:01     ; 1.0                     ; 4505 MB             ; 00:00:01                           ;
; Total                ; 00:00:23     ; --                      ; --                  ; 00:00:25                           ;
+----------------------+--------------+-------------------------+---------------------+------------------------------------+


+-----------------------------------------------------------------------------------+
; Flow OS Summary                                                                   ;
+----------------------+------------------+-----------+------------+----------------+
; Module Name          ; Machine Hostname ; OS Name   ; OS Version ; Processor type ;
+----------------------+------------------+-----------+------------+----------------+
; Analysis & Synthesis ; DESKTOP-LCC0EAK  ; Windows 7 ; 6.2        ; x86_64         ;
; Fitter               ; DESKTOP-LCC0EAK  ; Windows 7 ; 6.2        ; x86_64         ;
; EDA Netlist Writer   ; DESKTOP-LCC0EAK  ; Windows 7 ; 6.2        ; x86_64         ;
; EDA Netlist Writer   ; DESKTOP-LCC0EAK  ; Windows 7 ; 6.2        ; x86_64         ;
; EDA Netlist Writer   ; DESKTOP-LCC0EAK  ; Windows 7 ; 6.2        ; x86_64         ;
; EDA Netlist Writer   ; DESKTOP-LCC0EAK  ; Windows 7 ; 6.2        ; x86_64         ;
; EDA Netlist Writer   ; DESKTOP-LCC0EAK  ; Windows 7 ; 6.2        ; x86_64         ;
; EDA Netlist Writer   ; DESKTOP-LCC0EAK  ; Windows 7 ; 6.2        ; x86_64         ;
; EDA Netlist Writer   ; DESKTOP-LCC0EAK  ; Windows 7 ; 6.2        ; x86_64         ;
; EDA Netlist Writer   ; DESKTOP-LCC0EAK  ; Windows 7 ; 6.2        ; x86_64         ;
; EDA Netlist Writer   ; DESKTOP-LCC0EAK  ; Windows 7 ; 6.2        ; x86_64         ;
; EDA Netlist Writer   ; DESKTOP-LCC0EAK  ; Windows 7 ; 6.2        ; x86_64         ;
+----------------------+------------------+-----------+------------+----------------+


------------
; Flow Log ;
------------
quartus_map --read_settings_files=on --write_settings_files=off ALU_EXT -c ALU_EXT
quartus_fit --read_settings_files=off --write_settings_files=off ALU_EXT -c ALU_EXT
quartus_eda --gen_testbench --check_outputs=on --tool=modelsim_oem --format=verilog ALU_EXT -c ALU_EXT --vector_source="C:/Users/JOSE LUIS TARQUI/Desktop/SCEIE/LASCAS/IA Y FPG/MI nuevo codigo/CNN_WITH_FPGA/simulacion1.vwf" --testbench_file=./simulation/qsim/ALU_EXT.vt
quartus_eda --functional=on --simulation=on --tool=modelsim_oem --format=verilog ALU_EXT -c ALU_EXT
quartus_eda --gen_testbench --check_outputs=on --tool=modelsim_oem --format=verilog ALU_EXT -c ALU_EXT --vector_source="C:/Users/JOSE LUIS TARQUI/Desktop/SCEIE/LASCAS/IA Y FPG/MI nuevo codigo/CNN_WITH_FPGA/simulacion1.vwf" --testbench_file=./simulation/qsim/ALU_EXT.vt
quartus_eda --functional=off --timescale=1ps --simulation=on --tool=modelsim_oem --format=verilog ALU_EXT -c ALU_EXT
quartus_eda --gen_testbench --check_outputs=on --tool=modelsim_oem --format=verilog ALU_EXT -c ALU_EXT --vector_source="C:/Users/JOSE LUIS TARQUI/Desktop/SCEIE/LASCAS/IA Y FPG/MI nuevo codigo/CNN_WITH_FPGA/simulacion1.vwf" --testbench_file=./simulation/qsim/ALU_EXT.vt
quartus_eda --functional=on --simulation=on --tool=modelsim_oem --format=verilog ALU_EXT -c ALU_EXT
quartus_eda --gen_testbench --check_outputs=on --tool=modelsim_oem --format=verilog ALU_EXT -c ALU_EXT --vector_source="C:/Users/JOSE LUIS TARQUI/Desktop/SCEIE/LASCAS/IA Y FPG/MI nuevo codigo/CNN_WITH_FPGA/simulacion1.vwf" --testbench_file=./simulation/qsim/ALU_EXT.vt
quartus_eda --functional=on --simulation=on --tool=modelsim_oem --format=verilog ALU_EXT -c ALU_EXT
quartus_eda --gen_testbench --check_outputs=on --tool=modelsim_oem --format=verilog ALU_EXT -c ALU_EXT --vector_source="C:/Users/JOSE LUIS TARQUI/Desktop/SCEIE/LASCAS/IA Y FPG/MI nuevo codigo/CNN_WITH_FPGA/simulacion1.vwf" --testbench_file=./simulation/qsim/ALU_EXT.vt
quartus_eda --functional=on --simulation=on --tool=modelsim_oem --format=verilog ALU_EXT -c ALU_EXT



