Analysis & Synthesis report for ALU_EXT
Sun Sep 28 14:28:03 2025
Quartus II 64-Bit Version 13.0.0 Build 156 04/24/2013 SJ Web Edition


---------------------
; Table of Contents ;
---------------------
  1. Legal Notice
  2. Analysis & Synthesis Summary
  3. Analysis & Synthesis Settings
  4. Parallel Compilation
  5. Analysis & Synthesis Source Files Read
  6. Analysis & Synthesis Resource Usage Summary
  7. Analysis & Synthesis Resource Utilization by Entity
  8. Analysis & Synthesis DSP Block Usage Summary
  9. General Register Statistics
 10. Multiplexer Restructuring Statistics (Restructuring Performed)
 11. Parameter Settings for Inferred Entity Instance: FP_mul:ifmul|lpm_mult:Mult0
 12. Parameter Settings for Inferred Entity Instance: int_mul_16by16:iimul|lpm_mult:Mult0
 13. lpm_mult Parameter Settings by Entity Instance
 14. Elapsed Time Per Partition
 15. Analysis & Synthesis Messages



----------------
; Legal Notice ;
----------------
Copyright (C) 1991-2013 Altera Corporation
Your use of Altera Corporation's design tools, logic functions 
and other software and tools, and its AMPP partner logic 
functions, and any output files from any of the foregoing 
(including device programming or simulation files), and any 
associated documentation or information are expressly subject 
to the terms and conditions of the Altera Program License 
Subscription Agreement, Altera MegaCore Function License 
Agreement, or other applicable license agreement, including, 
without limitation, that your use is for the sole purpose of 
programming logic devices manufactured by Altera and sold by 
Altera or its authorized distributors.  Please refer to the 
applicable agreement for further details.



+---------------------------------------------------------------------------------+
; Analysis & Synthesis Summary                                                    ;
+------------------------------------+--------------------------------------------+
; Analysis & Synthesis Status        ; Successful - Sun Sep 28 14:28:03 2025      ;
; Quartus II 64-Bit Version          ; 13.0.0 Build 156 04/24/2013 SJ Web Edition ;
; Revision Name                      ; ALU_EXT                                    ;
; Top-level Entity Name              ; ALU_EXT                                    ;
; Family                             ; Cyclone II                                 ;
; Total logic elements               ; 2,209                                      ;
;     Total combinational functions  ; 2,209                                      ;
;     Dedicated logic registers      ; 32                                         ;
; Total registers                    ; 32                                         ;
; Total pins                         ; 103                                        ;
; Total virtual pins                 ; 0                                          ;
; Total memory bits                  ; 0                                          ;
; Embedded Multiplier 9-bit elements ; 9                                          ;
; Total PLLs                         ; 0                                          ;
+------------------------------------+--------------------------------------------+


+----------------------------------------------------------------------------------------------------------------------+
; Analysis & Synthesis Settings                                                                                        ;
+----------------------------------------------------------------------------+--------------------+--------------------+
; Option                                                                     ; Setting            ; Default Value      ;
+----------------------------------------------------------------------------+--------------------+--------------------+
; Device                                                                     ; EP2C5T144C8        ;                    ;
; Top-level entity name                                                      ; ALU_EXT            ; ALU_EXT            ;
; Family name                                                                ; Cyclone II         ; Cyclone IV GX      ;
; Use smart compilation                                                      ; Off                ; Off                ;
; Enable parallel Assembler and TimeQuest Timing Analyzer during compilation ; On                 ; On                 ;
; Enable compact report table                                                ; Off                ; Off                ;
; Restructure Multiplexers                                                   ; Auto               ; Auto               ;
; Create Debugging Nodes for IP Cores                                        ; Off                ; Off                ;
; Preserve fewer node names                                                  ; On                 ; On                 ;
; Disable OpenCore Plus hardware evaluation                                  ; Off                ; Off                ;
; Verilog Version                                                            ; Verilog_2001       ; Verilog_2001       ;
; VHDL Version                                                               ; VHDL_1993          ; VHDL_1993          ;
; State Machine Processing                                                   ; Auto               ; Auto               ;
; Safe State Machine                                                         ; Off                ; Off                ;
; Extract Verilog State Machines                                             ; On                 ; On                 ;
; Extract VHDL State Machines                                                ; On                 ; On                 ;
; Ignore Verilog initial constructs                                          ; Off                ; Off                ;
; Iteration limit for constant Verilog loops                                 ; 5000               ; 5000               ;
; Iteration limit for non-constant Verilog loops                             ; 250                ; 250                ;
; Add Pass-Through Logic to Inferred RAMs                                    ; On                 ; On                 ;
; Infer RAMs from Raw Logic                                                  ; On                 ; On                 ;
; Parallel Synthesis                                                         ; On                 ; On                 ;
; DSP Block Balancing                                                        ; Auto               ; Auto               ;
; NOT Gate Push-Back                                                         ; On                 ; On                 ;
; Power-Up Don't Care                                                        ; On                 ; On                 ;
; Remove Redundant Logic Cells                                               ; Off                ; Off                ;
; Remove Duplicate Registers                                                 ; On                 ; On                 ;
; Ignore CARRY Buffers                                                       ; Off                ; Off                ;
; Ignore CASCADE Buffers                                                     ; Off                ; Off                ;
; Ignore GLOBAL Buffers                                                      ; Off                ; Off                ;
; Ignore ROW GLOBAL Buffers                                                  ; Off                ; Off                ;
; Ignore LCELL Buffers                                                       ; Off                ; Off                ;
; Ignore SOFT Buffers                                                        ; On                 ; On                 ;
; Limit AHDL Integers to 32 Bits                                             ; Off                ; Off                ;
; Optimization Technique                                                     ; Balanced           ; Balanced           ;
; Carry Chain Length                                                         ; 70                 ; 70                 ;
; Auto Carry Chains                                                          ; On                 ; On                 ;
; Auto Open-Drain Pins                                                       ; On                 ; On                 ;
; Perform WYSIWYG Primitive Resynthesis                                      ; Off                ; Off                ;
; Auto ROM Replacement                                                       ; On                 ; On                 ;
; Auto RAM Replacement                                                       ; On                 ; On                 ;
; Auto Shift Register Replacement                                            ; Auto               ; Auto               ;
; Allow Shift Register Merging across Hierarchies                            ; Auto               ; Auto               ;
; Auto Clock Enable Replacement                                              ; On                 ; On                 ;
; Strict RAM Replacement                                                     ; Off                ; Off                ;
; Allow Synchronous Control Signals                                          ; On                 ; On                 ;
; Force Use of Synchronous Clear Signals                                     ; Off                ; Off                ;
; Auto RAM to Logic Cell Conversion                                          ; Off                ; Off                ;
; Auto Resource Sharing                                                      ; Off                ; Off                ;
; Allow Any RAM Size For Recognition                                         ; Off                ; Off                ;
; Allow Any ROM Size For Recognition                                         ; Off                ; Off                ;
; Allow Any Shift Register Size For Recognition                              ; Off                ; Off                ;
; Use LogicLock Constraints during Resource Balancing                        ; On                 ; On                 ;
; Ignore translate_off and synthesis_off directives                          ; Off                ; Off                ;
; Timing-Driven Synthesis                                                    ; Off                ; Off                ;
; Report Parameter Settings                                                  ; On                 ; On                 ;
; Report Source Assignments                                                  ; On                 ; On                 ;
; Report Connectivity Checks                                                 ; On                 ; On                 ;
; Ignore Maximum Fan-Out Assignments                                         ; Off                ; Off                ;
; Synchronization Register Chain Length                                      ; 2                  ; 2                  ;
; PowerPlay Power Optimization                                               ; Normal compilation ; Normal compilation ;
; HDL message level                                                          ; Level2             ; Level2             ;
; Suppress Register Optimization Related Messages                            ; Off                ; Off                ;
; Number of Removed Registers Reported in Synthesis Report                   ; 5000               ; 5000               ;
; Number of Swept Nodes Reported in Synthesis Report                         ; 5000               ; 5000               ;
; Number of Inverted Registers Reported in Synthesis Report                  ; 100                ; 100                ;
; Clock MUX Protection                                                       ; On                 ; On                 ;
; Auto Gated Clock Conversion                                                ; Off                ; Off                ;
; Block Design Naming                                                        ; Auto               ; Auto               ;
; SDC constraint protection                                                  ; Off                ; Off                ;
; Synthesis Effort                                                           ; Auto               ; Auto               ;
; Shift Register Replacement - Allow Asynchronous Clear Signal               ; On                 ; On                 ;
; Pre-Mapping Resynthesis Optimization                                       ; Off                ; Off                ;
; Analysis & Synthesis Message Level                                         ; Medium             ; Medium             ;
; Disable Register Merging Across Hierarchies                                ; Auto               ; Auto               ;
; Resource Aware Inference For Block RAM                                     ; On                 ; On                 ;
; Synthesis Seed                                                             ; 1                  ; 1                  ;
+----------------------------------------------------------------------------+--------------------+--------------------+


Parallel compilation was disabled, but you have multiple processors available. Enable parallel compilation to reduce compilation time.
+-------------------------------------+
; Parallel Compilation                ;
+----------------------------+--------+
; Processors                 ; Number ;
+----------------------------+--------+
; Number detected on machine ; 8      ;
; Maximum allowed            ; 1      ;
+----------------------------+--------+


+------------------------------------------------------------------------------------------------------------------------------------------------------------------------------------------------------------------+
; Analysis & Synthesis Source Files Read                                                                                                                                                                           ;
+----------------------------------+-----------------+------------------------------------+--------------------------------------------------------------------------------------------------------------+---------+
; File Name with User-Entered Path ; Used in Netlist ; File Type                          ; File Name with Absolute Path                                                                                 ; Library ;
+----------------------------------+-----------------+------------------------------------+--------------------------------------------------------------------------------------------------------------+---------+
; ALU_EXT.v                        ; yes             ; User Verilog HDL File              ; C:/Users/JOSE LUIS TARQUI/Desktop/SCEIE/LASCAS/IA Y FPG/MI nuevo codigo/CNN_WITH_FPGA/ALU_EXT.v              ;         ;
; common_params.inc                ; yes             ; Auto-Found Unspecified File        ; C:/Users/JOSE LUIS TARQUI/Desktop/SCEIE/LASCAS/IA Y FPG/MI nuevo codigo/CNN_WITH_FPGA/common_params.inc      ;         ;
; fp_adder.sv                      ; yes             ; Auto-Found SystemVerilog HDL File  ; C:/Users/JOSE LUIS TARQUI/Desktop/SCEIE/LASCAS/IA Y FPG/MI nuevo codigo/CNN_WITH_FPGA/fp_adder.sv            ;         ;
; right_shifter.sv                 ; yes             ; Auto-Found SystemVerilog HDL File  ; C:/Users/JOSE LUIS TARQUI/Desktop/SCEIE/LASCAS/IA Y FPG/MI nuevo codigo/CNN_WITH_FPGA/right_shifter.sv       ;         ;
; left_shifter.sv                  ; yes             ; Auto-Found SystemVerilog HDL File  ; C:/Users/JOSE LUIS TARQUI/Desktop/SCEIE/LASCAS/IA Y FPG/MI nuevo codigo/CNN_WITH_FPGA/left_shifter.sv        ;         ;
; fp_mul.sv                        ; yes             ; Auto-Found SystemVerilog HDL File  ; C:/Users/JOSE LUIS TARQUI/Desktop/SCEIE/LASCAS/IA Y FPG/MI nuevo codigo/CNN_WITH_FPGA/fp_mul.sv              ;         ;
; float_to_signed_int.sv           ; yes             ; Auto-Found SystemVerilog HDL File  ; C:/Users/JOSE LUIS TARQUI/Desktop/SCEIE/LASCAS/IA Y FPG/MI nuevo codigo/CNN_WITH_FPGA/float_to_signed_int.sv ;         ;
; signed_int_to_float.sv           ; yes             ; Auto-Found SystemVerilog HDL File  ; C:/Users/JOSE LUIS TARQUI/Desktop/SCEIE/LASCAS/IA Y FPG/MI nuevo codigo/CNN_WITH_FPGA/signed_int_to_float.sv ;         ;
; int_mul_16by16.sv                ; yes             ; Auto-Found SystemVerilog HDL File  ; C:/Users/JOSE LUIS TARQUI/Desktop/SCEIE/LASCAS/IA Y FPG/MI nuevo codigo/CNN_WITH_FPGA/int_mul_16by16.sv      ;         ;
; lpm_mult.tdf                     ; yes             ; Megafunction                       ; c:/altera/13.0/quartus/libraries/megafunctions/lpm_mult.tdf                                                  ;         ;
; aglobal130.inc                   ; yes             ; Megafunction                       ; c:/altera/13.0/quartus/libraries/megafunctions/aglobal130.inc                                                ;         ;
; lpm_add_sub.inc                  ; yes             ; Megafunction                       ; c:/altera/13.0/quartus/libraries/megafunctions/lpm_add_sub.inc                                               ;         ;
; multcore.inc                     ; yes             ; Megafunction                       ; c:/altera/13.0/quartus/libraries/megafunctions/multcore.inc                                                  ;         ;
; bypassff.inc                     ; yes             ; Megafunction                       ; c:/altera/13.0/quartus/libraries/megafunctions/bypassff.inc                                                  ;         ;
; altshift.inc                     ; yes             ; Megafunction                       ; c:/altera/13.0/quartus/libraries/megafunctions/altshift.inc                                                  ;         ;
; db/mult_p8t.tdf                  ; yes             ; Auto-Generated Megafunction        ; C:/Users/JOSE LUIS TARQUI/Desktop/SCEIE/LASCAS/IA Y FPG/MI nuevo codigo/CNN_WITH_FPGA/db/mult_p8t.tdf        ;         ;
; db/mult_l1t.tdf                  ; yes             ; Auto-Generated Megafunction        ; C:/Users/JOSE LUIS TARQUI/Desktop/SCEIE/LASCAS/IA Y FPG/MI nuevo codigo/CNN_WITH_FPGA/db/mult_l1t.tdf        ;         ;
+----------------------------------+-----------------+------------------------------------+--------------------------------------------------------------------------------------------------------------+---------+


+---------------------------------------------------------------------+
; Analysis & Synthesis Resource Usage Summary                         ;
+---------------------------------------------+-----------------------+
; Resource                                    ; Usage                 ;
+---------------------------------------------+-----------------------+
; Estimated Total logic elements              ; 2,209                 ;
;                                             ;                       ;
; Total combinational functions               ; 2209                  ;
; Logic element usage by number of LUT inputs ;                       ;
;     -- 4 input functions                    ; 1162                  ;
;     -- 3 input functions                    ; 771                   ;
;     -- <=2 input functions                  ; 276                   ;
;                                             ;                       ;
; Logic elements by mode                      ;                       ;
;     -- normal mode                          ; 1852                  ;
;     -- arithmetic mode                      ; 357                   ;
;                                             ;                       ;
; Total registers                             ; 32                    ;
;     -- Dedicated logic registers            ; 32                    ;
;     -- I/O registers                        ; 0                     ;
;                                             ;                       ;
; I/O pins                                    ; 103                   ;
; Embedded Multiplier 9-bit elements          ; 9                     ;
; Maximum fan-out node                        ; FP_adder:ifadd|Add0~0 ;
; Maximum fan-out                             ; 141                   ;
; Total fan-out                               ; 7698                  ;
; Average fan-out                             ; 3.27                  ;
+---------------------------------------------+-----------------------+


+--------------------------------------------------------------------------------------------------------------------------------------------------------------------------------------------------------------------------------------+
; Analysis & Synthesis Resource Utilization by Entity                                                                                                                                                                                  ;
+------------------------------------+-------------------+--------------+-------------+--------------+---------+-----------+------+--------------+----------------------------------------------------------------------+--------------+
; Compilation Hierarchy Node         ; LC Combinationals ; LC Registers ; Memory Bits ; DSP Elements ; DSP 9x9 ; DSP 18x18 ; Pins ; Virtual Pins ; Full Hierarchy Name                                                  ; Library Name ;
+------------------------------------+-------------------+--------------+-------------+--------------+---------+-----------+------+--------------+----------------------------------------------------------------------+--------------+
; |ALU_EXT                           ; 2209 (418)        ; 32 (32)      ; 0           ; 9            ; 1       ; 4         ; 103  ; 0            ; |ALU_EXT                                                             ;              ;
;    |FP_adder:ifadd|                ; 798 (548)         ; 0 (0)        ; 0           ; 0            ; 0       ; 0         ; 0    ; 0            ; |ALU_EXT|FP_adder:ifadd                                              ;              ;
;       |left_shifter:lsht|          ; 103 (103)         ; 0 (0)        ; 0           ; 0            ; 0       ; 0         ; 0    ; 0            ; |ALU_EXT|FP_adder:ifadd|left_shifter:lsht                            ;              ;
;       |right_shifter:rsht|         ; 147 (147)         ; 0 (0)        ; 0           ; 0            ; 0       ; 0         ; 0    ; 0            ; |ALU_EXT|FP_adder:ifadd|right_shifter:rsht                           ;              ;
;    |FP_mul:ifmul|                  ; 452 (397)         ; 0 (0)        ; 0           ; 7            ; 1       ; 3         ; 0    ; 0            ; |ALU_EXT|FP_mul:ifmul                                                ;              ;
;       |lpm_mult:Mult0|             ; 55 (0)            ; 0 (0)        ; 0           ; 7            ; 1       ; 3         ; 0    ; 0            ; |ALU_EXT|FP_mul:ifmul|lpm_mult:Mult0                                 ;              ;
;          |mult_p8t:auto_generated| ; 55 (55)           ; 0 (0)        ; 0           ; 7            ; 1       ; 3         ; 0    ; 0            ; |ALU_EXT|FP_mul:ifmul|lpm_mult:Mult0|mult_p8t:auto_generated         ;              ;
;    |float_to_signed_int:iftoi|     ; 319 (319)         ; 0 (0)        ; 0           ; 0            ; 0       ; 0         ; 0    ; 0            ; |ALU_EXT|float_to_signed_int:iftoi                                   ;              ;
;    |int_mul_16by16:iimul|          ; 2 (2)             ; 0 (0)        ; 0           ; 2            ; 0       ; 1         ; 0    ; 0            ; |ALU_EXT|int_mul_16by16:iimul                                        ;              ;
;       |lpm_mult:Mult0|             ; 0 (0)             ; 0 (0)        ; 0           ; 2            ; 0       ; 1         ; 0    ; 0            ; |ALU_EXT|int_mul_16by16:iimul|lpm_mult:Mult0                         ;              ;
;          |mult_l1t:auto_generated| ; 0 (0)             ; 0 (0)        ; 0           ; 2            ; 0       ; 1         ; 0    ; 0            ; |ALU_EXT|int_mul_16by16:iimul|lpm_mult:Mult0|mult_l1t:auto_generated ;              ;
;    |signed_int_to_float:iitof|     ; 220 (220)         ; 0 (0)        ; 0           ; 0            ; 0       ; 0         ; 0    ; 0            ; |ALU_EXT|signed_int_to_float:iitof                                   ;              ;
+------------------------------------+-------------------+--------------+-------------+--------------+---------+-----------+------+--------------+----------------------------------------------------------------------+--------------+
Note: For table entries with two numbers listed, the numbers in parentheses indicate the number of resources of the given type used by the specific entity alone. The numbers listed outside of parentheses indicate the total resources of the given type used by the specific entity and all of its sub-entities in the hierarchy.


+-----------------------------------------------------+
; Analysis & Synthesis DSP Block Usage Summary        ;
+---------------------------------------+-------------+
; Statistic                             ; Number Used ;
+---------------------------------------+-------------+
; Simple Multipliers (9-bit)            ; 1           ;
; Simple Multipliers (18-bit)           ; 4           ;
; Embedded Multiplier Blocks            ; --          ;
; Embedded Multiplier 9-bit elements    ; 9           ;
; Signed Embedded Multipliers           ; 1           ;
; Unsigned Embedded Multipliers         ; 4           ;
; Mixed Sign Embedded Multipliers       ; 0           ;
; Variable Sign Embedded Multipliers    ; 0           ;
; Dedicated Input Shift Register Chains ; 0           ;
+---------------------------------------+-------------+
Note: number of Embedded Multiplier Blocks used is only available after a successful fit.


+------------------------------------------------------+
; General Register Statistics                          ;
+----------------------------------------------+-------+
; Statistic                                    ; Value ;
+----------------------------------------------+-------+
; Total registers                              ; 32    ;
; Number of registers using Synchronous Clear  ; 0     ;
; Number of registers using Synchronous Load   ; 0     ;
; Number of registers using Asynchronous Clear ; 0     ;
; Number of registers using Asynchronous Load  ; 0     ;
; Number of registers using Clock Enable       ; 0     ;
; Number of registers using Preset             ; 0     ;
+----------------------------------------------+-------+


+------------------------------------------------------------------------------------------------------------------------------------------------------------------+
; Multiplexer Restructuring Statistics (Restructuring Performed)                                                                                                   ;
+--------------------+-----------+---------------+----------------------+------------------------+------------+----------------------------------------------------+
; Multiplexer Inputs ; Bus Width ; Baseline Area ; Area if Restructured ; Saving if Restructured ; Registered ; Example Multiplexer Output                         ;
+--------------------+-----------+---------------+----------------------+------------------------+------------+----------------------------------------------------+
; 3:1                ; 5 bits    ; 10 LEs        ; 10 LEs               ; 0 LEs                  ; No         ; |ALU_EXT|FP_adder:ifadd|shamt[3]                   ;
; 3:1                ; 8 bits    ; 16 LEs        ; 16 LEs               ; 0 LEs                  ; No         ; |ALU_EXT|FP_adder:ifadd|right_shifter:rsht|Out[15] ;
; 3:1                ; 8 bits    ; 16 LEs        ; 16 LEs               ; 0 LEs                  ; No         ; |ALU_EXT|FP_adder:ifadd|left_shifter:lsht|Out[10]  ;
; 5:1                ; 24 bits   ; 72 LEs        ; 72 LEs               ; 0 LEs                  ; No         ; |ALU_EXT|FP_adder:ifadd|B2c[1]                     ;
; 4:1                ; 4 bits    ; 8 LEs         ; 8 LEs                ; 0 LEs                  ; No         ; |ALU_EXT|FP_adder:ifadd|right_shifter:rsht|Out[4]  ;
; 5:1                ; 24 bits   ; 72 LEs        ; 72 LEs               ; 0 LEs                  ; No         ; |ALU_EXT|FP_adder:ifadd|A2c[16]                    ;
; 4:1                ; 4 bits    ; 8 LEs         ; 8 LEs                ; 0 LEs                  ; No         ; |ALU_EXT|FP_adder:ifadd|left_shifter:lsht|Out[19]  ;
; 5:1                ; 2 bits    ; 6 LEs         ; 6 LEs                ; 0 LEs                  ; No         ; |ALU_EXT|FP_adder:ifadd|right_shifter:rsht|Out[2]  ;
; 5:1                ; 8 bits    ; 24 LEs        ; 16 LEs               ; 8 LEs                  ; No         ; |ALU_EXT|FP_adder:ifadd|norm_exp[0]                ;
; 5:1                ; 2 bits    ; 6 LEs         ; 6 LEs                ; 0 LEs                  ; No         ; |ALU_EXT|FP_adder:ifadd|left_shifter:lsht|Out[21]  ;
; 6:1                ; 4 bits    ; 16 LEs        ; 12 LEs               ; 4 LEs                  ; No         ; |ALU_EXT|float_to_signed_int:iftoi|abs_int[27]     ;
; 6:1                ; 3 bits    ; 12 LEs        ; 9 LEs                ; 3 LEs                  ; No         ; |ALU_EXT|float_to_signed_int:iftoi|abs_int[24]     ;
; 7:1                ; 7 bits    ; 28 LEs        ; 21 LEs               ; 7 LEs                  ; No         ; |ALU_EXT|float_to_signed_int:iftoi|abs_int[10]     ;
; 7:1                ; 7 bits    ; 28 LEs        ; 21 LEs               ; 7 LEs                  ; No         ; |ALU_EXT|float_to_signed_int:iftoi|abs_int[17]     ;
; 8:1                ; 4 bits    ; 20 LEs        ; 16 LEs               ; 4 LEs                  ; No         ; |ALU_EXT|float_to_signed_int:iftoi|abs_int[7]      ;
; 9:1                ; 2 bits    ; 12 LEs        ; 10 LEs               ; 2 LEs                  ; No         ; |ALU_EXT|float_to_signed_int:iftoi|abs_int[3]      ;
; 10:1               ; 2 bits    ; 12 LEs        ; 10 LEs               ; 2 LEs                  ; No         ; |ALU_EXT|float_to_signed_int:iftoi|abs_int[1]      ;
; 22:1               ; 8 bits    ; 112 LEs       ; 80 LEs               ; 32 LEs                 ; No         ; |ALU_EXT|OUT[27]                                   ;
; 31:1               ; 3 bits    ; 60 LEs        ; 48 LEs               ; 12 LEs                 ; No         ; |ALU_EXT|OUT[6]                                    ;
; 31:1               ; 3 bits    ; 60 LEs        ; 45 LEs               ; 15 LEs                 ; No         ; |ALU_EXT|OUT[16]                                   ;
; 32:1               ; 6 bits    ; 126 LEs       ; 90 LEs               ; 36 LEs                 ; No         ; |ALU_EXT|OUT[10]                                   ;
; 32:1               ; 2 bits    ; 42 LEs        ; 32 LEs               ; 10 LEs                 ; No         ; |ALU_EXT|OUT[3]                                    ;
+--------------------+-----------+---------------+----------------------+------------------------+------------+----------------------------------------------------+


+-----------------------------------------------------------------------------------+
; Parameter Settings for Inferred Entity Instance: FP_mul:ifmul|lpm_mult:Mult0      ;
+------------------------------------------------+------------+---------------------+
; Parameter Name                                 ; Value      ; Type                ;
+------------------------------------------------+------------+---------------------+
; AUTO_CARRY_CHAINS                              ; ON         ; AUTO_CARRY          ;
; IGNORE_CARRY_BUFFERS                           ; OFF        ; IGNORE_CARRY        ;
; AUTO_CASCADE_CHAINS                            ; ON         ; AUTO_CASCADE        ;
; IGNORE_CASCADE_BUFFERS                         ; OFF        ; IGNORE_CASCADE      ;
; LPM_WIDTHA                                     ; 24         ; Untyped             ;
; LPM_WIDTHB                                     ; 24         ; Untyped             ;
; LPM_WIDTHP                                     ; 48         ; Untyped             ;
; LPM_WIDTHR                                     ; 48         ; Untyped             ;
; LPM_WIDTHS                                     ; 1          ; Untyped             ;
; LPM_REPRESENTATION                             ; UNSIGNED   ; Untyped             ;
; LPM_PIPELINE                                   ; 0          ; Untyped             ;
; LATENCY                                        ; 0          ; Untyped             ;
; INPUT_A_IS_CONSTANT                            ; NO         ; Untyped             ;
; INPUT_B_IS_CONSTANT                            ; NO         ; Untyped             ;
; USE_EAB                                        ; OFF        ; Untyped             ;
; MAXIMIZE_SPEED                                 ; 5          ; Untyped             ;
; DEVICE_FAMILY                                  ; Cyclone II ; Untyped             ;
; CARRY_CHAIN                                    ; MANUAL     ; Untyped             ;
; APEX20K_TECHNOLOGY_MAPPER                      ; LUT        ; TECH_MAPPER_APEX20K ;
; DEDICATED_MULTIPLIER_CIRCUITRY                 ; AUTO       ; Untyped             ;
; DEDICATED_MULTIPLIER_MIN_INPUT_WIDTH_FOR_AUTO  ; 0          ; Untyped             ;
; DEDICATED_MULTIPLIER_MIN_OUTPUT_WIDTH_FOR_AUTO ; 0          ; Untyped             ;
; CBXI_PARAMETER                                 ; mult_p8t   ; Untyped             ;
; INPUT_A_FIXED_VALUE                            ; Bx         ; Untyped             ;
; INPUT_B_FIXED_VALUE                            ; Bx         ; Untyped             ;
; USE_AHDL_IMPLEMENTATION                        ; OFF        ; Untyped             ;
+------------------------------------------------+------------+---------------------+
Note: In order to hide this table in the UI and the text report file, please set the "Show Parameter Settings in Synthesis Report" option in "Analysis and Synthesis Settings -> More Settings" to "Off".


+--------------------------------------------------------------------------------------+
; Parameter Settings for Inferred Entity Instance: int_mul_16by16:iimul|lpm_mult:Mult0 ;
+------------------------------------------------+------------+------------------------+
; Parameter Name                                 ; Value      ; Type                   ;
+------------------------------------------------+------------+------------------------+
; AUTO_CARRY_CHAINS                              ; ON         ; AUTO_CARRY             ;
; IGNORE_CARRY_BUFFERS                           ; OFF        ; IGNORE_CARRY           ;
; AUTO_CASCADE_CHAINS                            ; ON         ; AUTO_CASCADE           ;
; IGNORE_CASCADE_BUFFERS                         ; OFF        ; IGNORE_CASCADE         ;
; LPM_WIDTHA                                     ; 17         ; Untyped                ;
; LPM_WIDTHB                                     ; 17         ; Untyped                ;
; LPM_WIDTHP                                     ; 34         ; Untyped                ;
; LPM_WIDTHR                                     ; 34         ; Untyped                ;
; LPM_WIDTHS                                     ; 1          ; Untyped                ;
; LPM_REPRESENTATION                             ; SIGNED     ; Untyped                ;
; LPM_PIPELINE                                   ; 0          ; Untyped                ;
; LATENCY                                        ; 0          ; Untyped                ;
; INPUT_A_IS_CONSTANT                            ; NO         ; Untyped                ;
; INPUT_B_IS_CONSTANT                            ; NO         ; Untyped                ;
; USE_EAB                                        ; OFF        ; Untyped                ;
; MAXIMIZE_SPEED                                 ; 5          ; Untyped                ;
; DEVICE_FAMILY                                  ; Cyclone II ; Untyped                ;
; CARRY_CHAIN                                    ; MANUAL     ; Untyped                ;
; APEX20K_TECHNOLOGY_MAPPER                      ; LUT        ; TECH_MAPPER_APEX20K    ;
; DEDICATED_MULTIPLIER_CIRCUITRY                 ; AUTO       ; Untyped                ;
; DEDICATED_MULTIPLIER_MIN_INPUT_WIDTH_FOR_AUTO  ; 0          ; Untyped                ;
; DEDICATED_MULTIPLIER_MIN_OUTPUT_WIDTH_FOR_AUTO ; 0          ; Untyped                ;
; CBXI_PARAMETER                                 ; mult_l1t   ; Untyped                ;
; INPUT_A_FIXED_VALUE                            ; Bx         ; Untyped                ;
; INPUT_B_FIXED_VALUE                            ; Bx         ; Untyped                ;
; USE_AHDL_IMPLEMENTATION                        ; OFF        ; Untyped                ;
+------------------------------------------------+------------+------------------------+
Note: In order to hide this table in the UI and the text report file, please set the "Show Parameter Settings in Synthesis Report" option in "Analysis and Synthesis Settings -> More Settings" to "Off".


+-----------------------------------------------------------------------------+
; lpm_mult Parameter Settings by Entity Instance                              ;
+---------------------------------------+-------------------------------------+
; Name                                  ; Value                               ;
+---------------------------------------+-------------------------------------+
; Number of entity instances            ; 2                                   ;
; Entity Instance                       ; FP_mul:ifmul|lpm_mult:Mult0         ;
;     -- LPM_WIDTHA                     ; 24                                  ;
;     -- LPM_WIDTHB                     ; 24                                  ;
;     -- LPM_WIDTHP                     ; 48                                  ;
;     -- LPM_REPRESENTATION             ; UNSIGNED                            ;
;     -- INPUT_A_IS_CONSTANT            ; NO                                  ;
;     -- INPUT_B_IS_CONSTANT            ; NO                                  ;
;     -- USE_EAB                        ; OFF                                 ;
;     -- DEDICATED_MULTIPLIER_CIRCUITRY ; AUTO                                ;
;     -- INPUT_A_FIXED_VALUE            ; Bx                                  ;
;     -- INPUT_B_FIXED_VALUE            ; Bx                                  ;
; Entity Instance                       ; int_mul_16by16:iimul|lpm_mult:Mult0 ;
;     -- LPM_WIDTHA                     ; 17                                  ;
;     -- LPM_WIDTHB                     ; 17                                  ;
;     -- LPM_WIDTHP                     ; 34                                  ;
;     -- LPM_REPRESENTATION             ; SIGNED                              ;
;     -- INPUT_A_IS_CONSTANT            ; NO                                  ;
;     -- INPUT_B_IS_CONSTANT            ; NO                                  ;
;     -- USE_EAB                        ; OFF                                 ;
;     -- DEDICATED_MULTIPLIER_CIRCUITRY ; AUTO                                ;
;     -- INPUT_A_FIXED_VALUE            ; Bx                                  ;
;     -- INPUT_B_FIXED_VALUE            ; Bx                                  ;
+---------------------------------------+-------------------------------------+


+-------------------------------+
; Elapsed Time Per Partition    ;
+----------------+--------------+
; Partition Name ; Elapsed Time ;
+----------------+--------------+
; Top            ; 00:00:10     ;
+----------------+--------------+


+-------------------------------+
; Analysis & Synthesis Messages ;
+-------------------------------+
Info: *******************************************************************
Info: Running Quartus II 64-Bit Analysis & Synthesis
    Info: Version 13.0.0 Build 156 04/24/2013 SJ Web Edition
    Info: Processing started: Sun Sep 28 14:27:51 2025
Info: Command: quartus_map --read_settings_files=on --write_settings_files=off ALU_EXT -c ALU_EXT
Warning (20028): Parallel compilation is not licensed and has been disabled
Info (12021): Found 1 design units, including 1 entities, in source file alu_ext.v
    Info (12023): Found entity 1: ALU_EXT
Info (12127): Elaborating entity "ALU_EXT" for the top level hierarchy
Warning (12125): Using design file fp_adder.sv, which is not specified as a design file for the current project, but contains definitions for 1 design units and 1 entities in project
    Info (12023): Found entity 1: FP_adder
Info (12128): Elaborating entity "FP_adder" for hierarchy "FP_adder:ifadd"
Warning (10036): Verilog HDL or VHDL warning at fp_adder.sv(31): object "EA1" assigned a value but never read
Warning (10036): Verilog HDL or VHDL warning at fp_adder.sv(31): object "EB1" assigned a value but never read
Warning (10036): Verilog HDL or VHDL warning at fp_adder.sv(33): object "SA" assigned a value but never read
Warning (10036): Verilog HDL or VHDL warning at fp_adder.sv(33): object "SB" assigned a value but never read
Warning (12125): Using design file right_shifter.sv, which is not specified as a design file for the current project, but contains definitions for 1 design units and 1 entities in project
    Info (12023): Found entity 1: right_shifter
Info (12128): Elaborating entity "right_shifter" for hierarchy "FP_adder:ifadd|right_shifter:rsht"
Warning (12125): Using design file left_shifter.sv, which is not specified as a design file for the current project, but contains definitions for 1 design units and 1 entities in project
    Info (12023): Found entity 1: left_shifter
Info (12128): Elaborating entity "left_shifter" for hierarchy "FP_adder:ifadd|left_shifter:lsht"
Warning (10229): Verilog HDL Expression warning at fp_mul.sv(117): truncated literal to match 23 bits
Warning (12125): Using design file fp_mul.sv, which is not specified as a design file for the current project, but contains definitions for 1 design units and 1 entities in project
    Info (12023): Found entity 1: FP_mul
Info (12128): Elaborating entity "FP_mul" for hierarchy "FP_mul:ifmul"
Warning (10230): Verilog HDL assignment warning at fp_mul.sv(45): truncated value with size 9 to match size of target (5)
Warning (12125): Using design file float_to_signed_int.sv, which is not specified as a design file for the current project, but contains definitions for 1 design units and 1 entities in project
    Info (12023): Found entity 1: float_to_signed_int
Info (12128): Elaborating entity "float_to_signed_int" for hierarchy "float_to_signed_int:iftoi"
Warning (10230): Verilog HDL assignment warning at float_to_signed_int.sv(15): truncated value with size 32 to match size of target (31)
Warning (12125): Using design file signed_int_to_float.sv, which is not specified as a design file for the current project, but contains definitions for 1 design units and 1 entities in project
    Info (12023): Found entity 1: signed_int_to_float
Info (12128): Elaborating entity "signed_int_to_float" for hierarchy "signed_int_to_float:iitof"
Warning (12125): Using design file int_mul_16by16.sv, which is not specified as a design file for the current project, but contains definitions for 1 design units and 1 entities in project
    Info (12023): Found entity 1: int_mul_16by16
Info (12128): Elaborating entity "int_mul_16by16" for hierarchy "int_mul_16by16:iimul"
Info (278001): Inferred 2 megafunctions from design logic
    Info (278003): Inferred multiplier megafunction ("lpm_mult") from the following logic: "FP_mul:ifmul|Mult0"
    Info (278003): Inferred multiplier megafunction ("lpm_mult") from the following logic: "int_mul_16by16:iimul|Mult0"
Info (12130): Elaborated megafunction instantiation "FP_mul:ifmul|lpm_mult:Mult0"
Info (12133): Instantiated megafunction "FP_mul:ifmul|lpm_mult:Mult0" with the following parameter:
    Info (12134): Parameter "LPM_WIDTHA" = "24"
    Info (12134): Parameter "LPM_WIDTHB" = "24"
    Info (12134): Parameter "LPM_WIDTHP" = "48"
    Info (12134): Parameter "LPM_WIDTHR" = "48"
    Info (12134): Parameter "LPM_WIDTHS" = "1"
    Info (12134): Parameter "LPM_REPRESENTATION" = "UNSIGNED"
    Info (12134): Parameter "INPUT_A_IS_CONSTANT" = "NO"
    Info (12134): Parameter "INPUT_B_IS_CONSTANT" = "NO"
    Info (12134): Parameter "MAXIMIZE_SPEED" = "5"
Info (12021): Found 1 design units, including 1 entities, in source file db/mult_p8t.tdf
    Info (12023): Found entity 1: mult_p8t
Info (12130): Elaborated megafunction instantiation "int_mul_16by16:iimul|lpm_mult:Mult0"
Info (12133): Instantiated megafunction "int_mul_16by16:iimul|lpm_mult:Mult0" with the following parameter:
    Info (12134): Parameter "LPM_WIDTHA" = "17"
    Info (12134): Parameter "LPM_WIDTHB" = "17"
    Info (12134): Parameter "LPM_WIDTHP" = "34"
    Info (12134): Parameter "LPM_WIDTHR" = "34"
    Info (12134): Parameter "LPM_WIDTHS" = "1"
    Info (12134): Parameter "LPM_REPRESENTATION" = "SIGNED"
    Info (12134): Parameter "INPUT_A_IS_CONSTANT" = "NO"
    Info (12134): Parameter "INPUT_B_IS_CONSTANT" = "NO"
    Info (12134): Parameter "MAXIMIZE_SPEED" = "5"
Info (12021): Found 1 design units, including 1 entities, in source file db/mult_l1t.tdf
    Info (12023): Found entity 1: mult_l1t
Info (13014): Ignored 158 buffer(s)
    Info (13019): Ignored 158 SOFT buffer(s)
Warning (13024): Output pins are stuck at VCC or GND
    Warning (13410): Pin "ov" is stuck at GND
Info (16010): Generating hard_block partition "hard_block:auto_generated_inst"
    Info (16011): Adding 0 node(s), including 0 DDIO, 0 PLL, 0 transceiver and 0 LCELL
Info (21057): Implemented 2353 device resources after synthesis - the final resource count might be different
    Info (21058): Implemented 68 input pins
    Info (21059): Implemented 35 output pins
    Info (21061): Implemented 2241 logic cells
    Info (21062): Implemented 9 DSP elements
Info: Quartus II 64-Bit Analysis & Synthesis was successful. 0 errors, 17 warnings
    Info: Peak virtual memory: 4611 megabytes
    Info: Processing ended: Sun Sep 28 14:28:03 2025
    Info: Elapsed time: 00:00:12
    Info: Total CPU time (on all processors): 00:00:10


